127:[ 21%] Building CXX object _deps/vecmem-build/cuda/CMakeFiles/vecmem_cuda.dir/src/utils/cuda_error_handling.cpp.o
128-[ 21%] Building CXX object _deps/vecmem-build/cuda/CMakeFiles/vecmem_cuda.dir/src/utils/cuda_wrappers.cpp.o
129-[ 21%] Building CXX object _deps/vecmem-build/cuda/CMakeFiles/vecmem_cuda.dir/src/utils/get_device_name.cpp.o
--
367:/home/noah/project/traccc/core/include/traccc/fitting/kalman_filter/kalman_gru_gain_predictor.hpp:91:25: error: iteration 1 invokes undefined behavior [-Werror=aggressive-loop-optimizations]
368-   91 |                 K[r][c] = acc;
369-      |                 ~~~~~~~~^~~~~
--
375:/home/noah/project/traccc/core/include/traccc/fitting/kalman_filter/kalman_gru_gain_predictor.hpp:91:25: error: iteration 2 invokes undefined behavior [-Werror=aggressive-loop-optimizations]
376-   91 |                 K[r][c] = acc;
377-      |                 ~~~~~~~~^~~~~
--
391:/home/noah/project/traccc/core/include/traccc/fitting/kalman_filter/kalman_gru_gain_predictor.hpp:91:25: error: iteration 1 invokes undefined behavior [-Werror=aggressive-loop-optimizations]
392-   91 |                 K[r][c] = acc;
393-      |                 ~~~~~~~~^~~~~
--
399:/home/noah/project/traccc/core/include/traccc/fitting/kalman_filter/kalman_gru_gain_predictor.hpp:91:25: error: iteration 1 invokes undefined behavior [-Werror=aggressive-loop-optimizations]
400-   91 |                 K[r][c] = acc;
401-      |                 ~~~~~~~~^~~~~
--
407:/home/noah/project/traccc/core/include/traccc/fitting/kalman_filter/kalman_gru_gain_predictor.hpp:91:25: error: iteration 1 invokes undefined behavior [-Werror=aggressive-loop-optimizations]
408-   91 |                 K[r][c] = acc;
409-      |                 ~~~~~~~~^~~~~
--
415:/home/noah/project/traccc/core/include/traccc/fitting/kalman_filter/kalman_gru_gain_predictor.hpp:91:25: error: iteration 1 invokes undefined behavior [-Werror=aggressive-loop-optimizations]
416-   91 |                 K[r][c] = acc;
417-      |                 ~~~~~~~~^~~~~
--
423:/home/noah/project/traccc/core/include/traccc/fitting/kalman_filter/kalman_gru_gain_predictor.hpp:91:25: error: iteration 1 invokes undefined behavior [-Werror=aggressive-loop-optimizations]
424-   91 |                 K[r][c] = acc;
425-      |                 ~~~~~~~~^~~~~
--
431:/home/noah/project/traccc/core/include/traccc/fitting/kalman_filter/kalman_gru_gain_predictor.hpp:91:25: error: iteration 1 invokes undefined behavior [-Werror=aggressive-loop-optimizations]
432-   91 |                 K[r][c] = acc;
433-      |                 ~~~~~~~~^~~~~
--
439:/home/noah/project/traccc/core/include/traccc/fitting/kalman_filter/kalman_gru_gain_predictor.hpp:91:25: error: iteration 1 invokes undefined behavior [-Werror=aggressive-loop-optimizations]
440-   91 |                 K[r][c] = acc;
441-      |                 ~~~~~~~~^~~~~
--
447:/home/noah/project/traccc/core/include/traccc/fitting/kalman_filter/kalman_gru_gain_predictor.hpp:91:25: error: iteration 1 invokes undefined behavior [-Werror=aggressive-loop-optimizations]
448-   91 |                 K[r][c] = acc;
449-      |                 ~~~~~~~~^~~~~
--
453:cc1plus: all warnings being treated as errors
454-In member function 'traccc::fitting::kalman_gru_gain_predictor<algebra_t, D>::matrix_type<((typename algebra::traits::get_algebra<T>::size_type)6), D> traccc::fitting::kalman_gru_gain_predictor<algebra_t, D>::operator()(const vec6_t&) const [with vec6_t = std::array<std::array<float, 6>, 1>; algebra_t = algebra::plugin::array<float>; long unsigned int D = 2]',
455-    inlined from 'traccc::kalman_fitter_status traccc::gain_matrix_updater<algebra_t>::update(traccc::track_state<algebra_t>&, traccc::bound_track_parameters<algebra_t>&) const [with typename algebra::traits::get_algebra<T>::size_type D = 2; shape_t = detray::line<true>; algebra_t = algebra::plugin::array<float>]' at /home/noah/project/traccc/core/include/traccc/fitting/kalman_filter/gain_matrix_updater.hpp:116:47:
456:/home/noah/project/traccc/core/include/traccc/fitting/kalman_filter/kalman_gru_gain_predictor.hpp:91:25: error: iteration 2 invokes undefined behavior [-Werror=aggressive-loop-optimizations]
457-   91 |                 K[r][c] = acc;
458-      |                 ~~~~~~~~^~~~~
--
464:/home/noah/project/traccc/core/include/traccc/fitting/kalman_filter/kalman_gru_gain_predictor.hpp:91:25: error: iteration 2 invokes undefined behavior [-Werror=aggressive-loop-optimizations]
465-   91 |                 K[r][c] = acc;
466-      |                 ~~~~~~~~^~~~~
--
472:/home/noah/project/traccc/core/include/traccc/fitting/kalman_filter/kalman_gru_gain_predictor.hpp:91:25: error: iteration 2 invokes undefined behavior [-Werror=aggressive-loop-optimizations]
473-   91 |                 K[r][c] = acc;
474-      |                 ~~~~~~~~^~~~~
--
483:/home/noah/project/traccc/core/include/traccc/fitting/kalman_filter/kalman_gru_gain_predictor.hpp:91:25: error: iteration 2 invokes undefined behavior [-Werror=aggressive-loop-optimizations]
484-   91 |                 K[r][c] = acc;
485-      |                 ~~~~~~~~^~~~~
--
492:/home/noah/project/traccc/core/include/traccc/fitting/kalman_filter/kalman_gru_gain_predictor.hpp:91:25: error: iteration 2 invokes undefined behavior [-Werror=aggressive-loop-optimizations]
493-   91 |                 K[r][c] = acc;
494-      |                 ~~~~~~~~^~~~~
--
500:/home/noah/project/traccc/core/include/traccc/fitting/kalman_filter/kalman_gru_gain_predictor.hpp:91:25: error: iteration 2 invokes undefined behavior [-Werror=aggressive-loop-optimizations]
501-   91 |                 K[r][c] = acc;
502-      |                 ~~~~~~~~^~~~~
--
508:/home/noah/project/traccc/core/include/traccc/fitting/kalman_filter/kalman_gru_gain_predictor.hpp:91:25: error: iteration 2 invokes undefined behavior [-Werror=aggressive-loop-optimizations]
509-   91 |                 K[r][c] = acc;
510-      |                 ~~~~~~~~^~~~~
--
516:/home/noah/project/traccc/core/include/traccc/fitting/kalman_filter/kalman_gru_gain_predictor.hpp:91:25: error: iteration 2 invokes undefined behavior [-Werror=aggressive-loop-optimizations]
517-   91 |                 K[r][c] = acc;
518-      |                 ~~~~~~~~^~~~~
--
531:/home/noah/project/traccc/core/include/traccc/fitting/kalman_filter/kalman_gru_gain_predictor.hpp:91:25: error: iteration 1 invokes undefined behavior [-Werror=aggressive-loop-optimizations]
532-   91 |                 K[r][c] = acc;
533-      |                 ~~~~~~~~^~~~~
--
539:/home/noah/project/traccc/core/include/traccc/fitting/kalman_filter/kalman_gru_gain_predictor.hpp:91:25: error: iteration 2 invokes undefined behavior [-Werror=aggressive-loop-optimizations]
540-   91 |                 K[r][c] = acc;
541-      |                 ~~~~~~~~^~~~~
--
545:cc1plus: all warnings being treated as errors
546-gmake[2]: *** [core/CMakeFiles/traccc_core.dir/build.make:219: core/CMakeFiles/traccc_core.dir/src/fitting/kalman_fitting_algorithm_constant_field_telescope_detector.cpp.o] Error 1
547-[ 63%] Building CXX object _deps/acts-build/Plugins/Json/CMakeFiles/ActsPluginJson.dir/src/UtilitiesJsonConverter.cpp.o
--
550:cc1plus: all warnings being treated as errors
551-In file included from /home/noah/project/traccc/core/include/traccc/fitting/kalman_filter/gain_matrix_updater.hpp:15,
552-                 from /home/noah/project/traccc/core/include/traccc/fitting/kalman_filter/kalman_actor.hpp:13,
--
557:/home/noah/project/traccc/core/include/traccc/fitting/kalman_filter/kalman_gru_gain_predictor.hpp:91:25: error: iteration 1 invokes undefined behavior [-Werror=aggressive-loop-optimizations]
558-   91 |                 K[r][c] = acc;
559-      |                 ~~~~~~~~^~~~~
--
565:/home/noah/project/traccc/core/include/traccc/fitting/kalman_filter/kalman_gru_gain_predictor.hpp:91:25: error: iteration 1 invokes undefined behavior [-Werror=aggressive-loop-optimizations]
566-   91 |                 K[r][c] = acc;
567-      |                 ~~~~~~~~^~~~~
--
573:/home/noah/project/traccc/core/include/traccc/fitting/kalman_filter/kalman_gru_gain_predictor.hpp:91:25: error: iteration 1 invokes undefined behavior [-Werror=aggressive-loop-optimizations]
574-   91 |                 K[r][c] = acc;
575-      |                 ~~~~~~~~^~~~~
--
581:/home/noah/project/traccc/core/include/traccc/fitting/kalman_filter/kalman_gru_gain_predictor.hpp:91:25: error: iteration 1 invokes undefined behavior [-Werror=aggressive-loop-optimizations]
582-   91 |                 K[r][c] = acc;
583-      |                 ~~~~~~~~^~~~~
--
589:/home/noah/project/traccc/core/include/traccc/fitting/kalman_filter/kalman_gru_gain_predictor.hpp:91:25: error: iteration 1 invokes undefined behavior [-Werror=aggressive-loop-optimizations]
590-   91 |                 K[r][c] = acc;
591-      |                 ~~~~~~~~^~~~~
--
597:/home/noah/project/traccc/core/include/traccc/fitting/kalman_filter/kalman_gru_gain_predictor.hpp:91:25: error: iteration 1 invokes undefined behavior [-Werror=aggressive-loop-optimizations]
598-   91 |                 K[r][c] = acc;
599-      |                 ~~~~~~~~^~~~~
--
605:/home/noah/project/traccc/core/include/traccc/fitting/kalman_filter/kalman_gru_gain_predictor.hpp:91:25: error: iteration 1 invokes undefined behavior [-Werror=aggressive-loop-optimizations]
606-   91 |                 K[r][c] = acc;
607-      |                 ~~~~~~~~^~~~~
--
615:/home/noah/project/traccc/core/include/traccc/fitting/kalman_filter/kalman_gru_gain_predictor.hpp:91:25: error: iteration 1 invokes undefined behavior [-Werror=aggressive-loop-optimizations]
616-   91 |                 K[r][c] = acc;
617-      |                 ~~~~~~~~^~~~~
--
624:/home/noah/project/traccc/core/include/traccc/fitting/kalman_filter/kalman_gru_gain_predictor.hpp:91:25: error: iteration 2 invokes undefined behavior [-Werror=aggressive-loop-optimizations]
625-   91 |                 K[r][c] = acc;
626-      |                 ~~~~~~~~^~~~~
--
632:/home/noah/project/traccc/core/include/traccc/fitting/kalman_filter/kalman_gru_gain_predictor.hpp:91:25: error: iteration 2 invokes undefined behavior [-Werror=aggressive-loop-optimizations]
633-   91 |                 K[r][c] = acc;
634-      |                 ~~~~~~~~^~~~~
--
640:/home/noah/project/traccc/core/include/traccc/fitting/kalman_filter/kalman_gru_gain_predictor.hpp:91:25: error: iteration 2 invokes undefined behavior [-Werror=aggressive-loop-optimizations]
641-   91 |                 K[r][c] = acc;
642-      |                 ~~~~~~~~^~~~~
--
648:/home/noah/project/traccc/core/include/traccc/fitting/kalman_filter/kalman_gru_gain_predictor.hpp:91:25: error: iteration 2 invokes undefined behavior [-Werror=aggressive-loop-optimizations]
649-   91 |                 K[r][c] = acc;
650-      |                 ~~~~~~~~^~~~~
--
656:/home/noah/project/traccc/core/include/traccc/fitting/kalman_filter/kalman_gru_gain_predictor.hpp:91:25: error: iteration 2 invokes undefined behavior [-Werror=aggressive-loop-optimizations]
657-   91 |                 K[r][c] = acc;
658-      |                 ~~~~~~~~^~~~~
--
664:/home/noah/project/traccc/core/include/traccc/fitting/kalman_filter/kalman_gru_gain_predictor.hpp:91:25: error: iteration 2 invokes undefined behavior [-Werror=aggressive-loop-optimizations]
665-   91 |                 K[r][c] = acc;
666-      |                 ~~~~~~~~^~~~~
--
672:/home/noah/project/traccc/core/include/traccc/fitting/kalman_filter/kalman_gru_gain_predictor.hpp:91:25: error: iteration 2 invokes undefined behavior [-Werror=aggressive-loop-optimizations]
673-   91 |                 K[r][c] = acc;
674-      |                 ~~~~~~~~^~~~~
--
680:/home/noah/project/traccc/core/include/traccc/fitting/kalman_filter/kalman_gru_gain_predictor.hpp:91:25: error: iteration 2 invokes undefined behavior [-Werror=aggressive-loop-optimizations]
681-   91 |                 K[r][c] = acc;
682-      |                 ~~~~~~~~^~~~~
--
688:cc1plus: all warnings being treated as errors
689-gmake[2]: *** [core/CMakeFiles/traccc_core.dir/build.make:205: core/CMakeFiles/traccc_core.dir/src/fitting/kalman_fitting_algorithm_constant_field_default_detector.cpp.o] Error 1
690-gmake[1]: *** [CMakeFiles/Makefile2:4669: core/CMakeFiles/traccc_core.dir/all] Error 2
