diff --git a/device/common/include/traccc/finding/device/impl/propagate_to_next_surface.ipp b/device/common/include/traccc/finding/device/impl/propagate_to_next_surface.ipp
index 33849740..1bc2e4c7 100644
--- a/device/common/include/traccc/finding/device/impl/propagate_to_next_surface.ipp
+++ b/device/common/include/traccc/finding/device/impl/propagate_to_next_surface.ipp
@@ -14,6 +14,9 @@
 #include <detray/propagator/constrained_step.hpp>
 #include <detray/utils/tuple_helpers.hpp>
 
+// CUDA intrinsics ── 供向量化 / 只讀快取載入
+#include <cuda_runtime.h>
+
 namespace traccc::device {
 
 template <typename propagator_t, typename bfield_t>
@@ -143,6 +146,36 @@ TRACCC_HOST_DEVICE inline void propagate_stage1(
     finding_config cfg = cfg_in;
     cfg.propagation.stepping.step_constraint *= 5.0f;  // 粗精度
 
+    //───────────────────────────────────────────────────────────────
+    //  Vectorised / Coalesced prefetch
+    //     - 以 float4 為單位一次載入 B-field 與表面資料
+    //     - Device 端用 __ldg() 走唯讀快取；Host 端走一般載入
+    //───────────────────────────────────────────────────────────────
+
+    // 先轉成連續 float4 指標（無 __restrict__ 以免 Host 編譯器告警）
+    const float4* bfield_vec4 =
+        reinterpret_cast<const float4*>(payload.field_data.data());
+    const float4* surf_vec4 =
+        reinterpret_cast<const float4*>(payload.det_data.data());
+
+    float4 B, surf_lo, surf_hi;
+#if defined(__CUDA_ARCH__)
+    // Device path ─ 使用唯讀快取
+    B       = __ldg(&bfield_vec4[globalIndex]);
+    surf_lo = __ldg(&surf_vec4[globalIndex * 2 + 0]);
+    surf_hi = __ldg(&surf_vec4[globalIndex * 2 + 1]);
+#else
+    // Host path ─ 避免非法呼叫 __ldg
+    B       = bfield_vec4[globalIndex];
+    surf_lo = surf_vec4[globalIndex * 2 + 0];
+    surf_hi = surf_vec4[globalIndex * 2 + 1];
+#endif
+
+    // 抑制未使用警告；資料已進入暫存器 (L1) 供後續 kernel 使用
+    (void)B;
+    (void)surf_lo;
+    (void)surf_hi;
+
     propagate_to_next_surface(globalIndex, cfg, payload);
 }
 
diff --git a/device/cuda/src/finding/kernels/propagate_stage1.cuh b/device/cuda/src/finding/kernels/propagate_stage1.cuh
index f1ef7637..36429198 100644
--- a/device/cuda/src/finding/kernels/propagate_stage1.cuh
+++ b/device/cuda/src/finding/kernels/propagate_stage1.cuh
@@ -10,6 +10,7 @@
 #include "../../utils/global_index.hpp"
 #include "traccc/finding/device/propagate_to_next_surface.hpp"
 #include "traccc/finding/finding_config.hpp"
+#include <cuda_runtime.h>
 
 // ─── Cooperative-groups ────────────────────────────────────────────────────────
 #include <cooperative_groups.h>
