diff --git a/cmake/traccc-compiler-options-cuda.cmake b/cmake/traccc-compiler-options-cuda.cmake
index dcd500c5..938745cb 100644
--- a/cmake/traccc-compiler-options-cuda.cmake
+++ b/cmake/traccc-compiler-options-cuda.cmake
@@ -32,7 +32,7 @@ set( CMAKE_CUDA_ARCHITECTURES "52" CACHE STRING
 traccc_add_flag( CMAKE_CUDA_FLAGS "--expt-relaxed-constexpr" )
 
 #traccc_add_flag( CMAKE_CUDA_FLAGS "-Xptxas=-v" )
-#traccc_add_flag( CMAKE_CUDA_FLAGS "--maxrregcount=240" )
+#traccc_add_flag( CMAKE_CUDA_FLAGS "--maxrregcount=64" )
 # Make CUDA generate debug symbols for the device code as well in a debug
 # build.
 traccc_add_flag( CMAKE_CUDA_FLAGS_DEBUG "-G --keep -src-in-ptx" )
diff --git a/device/common/include/traccc/finding/device/impl/propagate_to_next_surface.ipp b/device/common/include/traccc/finding/device/impl/propagate_to_next_surface.ipp
index 33849740..4fd24879 100644
--- a/device/common/include/traccc/finding/device/impl/propagate_to_next_surface.ipp
+++ b/device/common/include/traccc/finding/device/impl/propagate_to_next_surface.ipp
@@ -14,6 +14,9 @@
 #include <detray/propagator/constrained_step.hpp>
 #include <detray/utils/tuple_helpers.hpp>
 
+// CUDA intrinsics ── 供向量化 / 只讀快取載入
+#include <traccc/utils/view_traits.hpp>
+
 namespace traccc::device {
 
 template <typename propagator_t, typename bfield_t>
@@ -82,8 +85,10 @@ TRACCC_HOST_DEVICE inline void propagate_to_next_surface(
 
     // Create propagator state
     typename propagator_t::state propagation(in_par, payload.field_data, det);
+    // 使用全域命名空間中的  traccc::detail::correct_particle_hypothesis
     propagation.set_particle(
-        detail::correct_particle_hypothesis(cfg.ptc_hypothesis, in_par));
+        ::traccc::detail::correct_particle_hypothesis(cfg.ptc_hypothesis,
+                                                      in_par));
     propagation._stepping
         .template set_constraint<detray::step::constraint::e_accuracy>(
             cfg.propagation.stepping.step_constraint);
@@ -143,6 +148,25 @@ TRACCC_HOST_DEVICE inline void propagate_stage1(
     finding_config cfg = cfg_in;
     cfg.propagation.stepping.step_constraint *= 5.0f;  // 粗精度
 
+    //───────────────────────────────────────────────────────────────
+    //  Vectorised / Coalesced prefetch  (DEVICE-ONLY)
+    //───────────────────────────────────────────────────────────────
+#if defined(__CUDA_ARCH__)
+    {
+        const float4* bfield_vec4 = reinterpret_cast<const float4*>(
+            traccc::device::contiguous_ptr(payload.field_data));
+        const float4* surf_vec4  = reinterpret_cast<const float4*>(
+            traccc::device::contiguous_ptr(payload.det_data));
+
+        const float4 B       = bfield_vec4[globalIndex];
+        const float4 surf_lo = surf_vec4[globalIndex * 2 + 0];
+        const float4 surf_hi = surf_vec4[globalIndex * 2 + 1];
+
+        (void)B; (void)surf_lo; (void)surf_hi;  // 進暫存器 / L1
+    }
+#endif  // __CUDA_ARCH__
+
+    // 先行粗略 propagate；實際幾何判斷留待 propagate_to_next_surface
     propagate_to_next_surface(globalIndex, cfg, payload);
 }
 
diff --git a/device/common/include/traccc/utils/view_traits.hpp b/device/common/include/traccc/utils/view_traits.hpp
new file mode 100644
index 00000000..28106a8f
--- /dev/null
+++ b/device/common/include/traccc/utils/view_traits.hpp
@@ -0,0 +1,66 @@
+
+#pragma once
+
+#ifndef TRACCC_UTILS_VIEW_TRAITS_HPP
+#define TRACCC_UTILS_VIEW_TRAITS_HPP
+
+#include <type_traits>
+#include <utility>
+#include <iterator>
+
+namespace traccc::device {
+
+//──────────────────────────────────────────────────────────────────────────────
+//  traits：檢測 .data() / .begin() / operator[] 是否存在
+//──────────────────────────────────────────────────────────────────────────────
+template <typename T, typename = void> struct has_data      : std::false_type {};
+template <typename T>
+struct has_data<T, std::void_t<decltype(std::declval<T&>().data())>>
+    : std::true_type {};
+
+template <typename T, typename = void> struct has_member_begin : std::false_type {};
+template <typename T>
+struct has_member_begin<T, std::void_t<decltype(std::declval<T&>().begin())>>
+    : std::true_type {};
+
+template <typename T, typename = void> struct has_free_begin : std::false_type {};
+template <typename T>
+struct has_free_begin<T, std::void_t<decltype(std::begin(std::declval<T&>()))>>
+    : std::true_type {};
+
+template <typename T, typename = void> struct has_subscript  : std::false_type {};
+template <typename T>
+struct has_subscript<T, std::void_t<decltype(std::declval<T&>()[0])>>
+    : std::true_type {};
+
+//──────────────────────────────────────────────────────────────────────────────
+//  contiguous_ptr
+//      依優先序回傳連續記憶體首位址：
+//         1. .data()
+//         2. .begin()  /  std::begin()
+//         3. operator[]
+//      * 若全都缺，仍回傳 nullptr 以保證編譯通過；呼叫端需自行確保不解參。
+//──────────────────────────────────────────────────────────────────────────────
+template <class View>
+TRACCC_HOST_DEVICE inline const void* contiguous_ptr(const View& v) {
+
+    if constexpr (has_data<View>::value) {
+        return static_cast<const void*>(const_cast<View&>(v).data());
+
+    } else if constexpr (has_member_begin<View>::value) {
+        return static_cast<const void*>(&(*const_cast<View&>(v).begin()));
+
+    } else if constexpr (has_free_begin<View>::value) {
+        return static_cast<const void*>(&(*std::begin(const_cast<View&>(v))));
+
+    } else if constexpr (has_subscript<View>::value) {
+        return static_cast<const void*>(&const_cast<View&>(v)[0]);
+
+    } else {
+        return nullptr;  // 最後保底；不應被解參
+    }
+}
+
+}  // namespace traccc::device
+
+#endif  // TRACCC_UTILS_VIEW_TRAITS_HPP
\ No newline at end of file
diff --git a/device/cuda/src/finding/kernels/propagate_stage1.cuh b/device/cuda/src/finding/kernels/propagate_stage1.cuh
index f1ef7637..e1d98296 100644
--- a/device/cuda/src/finding/kernels/propagate_stage1.cuh
+++ b/device/cuda/src/finding/kernels/propagate_stage1.cuh
@@ -10,6 +10,7 @@
 #include "../../utils/global_index.hpp"
 #include "traccc/finding/device/propagate_to_next_surface.hpp"
 #include "traccc/finding/finding_config.hpp"
+#include <traccc/utils/view_traits.hpp>
 
 // ─── Cooperative-groups ────────────────────────────────────────────────────────
 #include <cooperative_groups.h>
